[	13-08-2020 20:02:13	] [KICK ACTION] Player: ORBITAL has kicked: CandyCane Bean for: You have been kicked. Reason: Bye dont join.
[	16-08-2020 22:25:26	] [KICK ACTION] Player: ORBITAL has kicked: Alien Conor for: You have been kicked. Reason: Bye .
[	17-08-2020 19:14:44	] [KICK ACTION] Player: Welsh Banana has kicked: Blitzkrieg for: You have been kicked. Reason: Kicked due to being bugged out. Please join back :).
[	17-08-2020 20:29:51	] [KICK ACTION] Player: Jorrit has kicked: FlamezZ for: You have been kicked. Reason: RDM.
[	18-08-2020 18:54:37	] [KICK ACTION] Player: Jorrit has kicked: Walsh for: You have been kicked. Reason: RDM.
[	20-08-2020 18:44:54	] [KICK ACTION] Player: Welsh Banana has kicked: FlamezZ for: You have been kicked. Reason: Last straw tyou fucking joke, you're gone for the rest of the night.
[	20-08-2020 18:52:49	] [BAN ACTION] A new ban record has been added. Player: 'FlamezZ' was banned by 'Welsh Banana' for 'Banned by staff. Should have listened and used common sense, considering you're incapable of understanding the simple concept of common sense here it is for you. Don't grab jets smartass' until '08/20/2020 21:52:49'.
[	20-08-2020 19:49:16	] [BAN ACTION] The following ban record has been removed (player unbanned). [Player: FlamezZ was banned by Welsh Banana for Banned by staff. Should have listened and used common sense, considering you're incapable of understanding the simple concept of common sense here it is for you. Don't grab jets smartass until 08/20/2020 21:52:49.]
[	20-08-2020 21:19:36	] [KICK ACTION] Player: Nickk has kicked: Spookie for: You have been kicked. Reason: Come back when ready to RP..
[	21-08-2020 22:15:12	] [KICK ACTION] Player: RIP.Trump has kicked: Spookie for: You have been kicked. Reason: failrp.
[	21-08-2020 22:41:22	] [KICK ACTION] Player: ORBITAL has kicked: ᠌ for: You have been kicked. Reason: Not Listning to staff - Next time listen to staff Warning 1 / 2.
[	21-08-2020 23:54:17	] [KICK ACTION] Player: Welsh Banana has kicked: FlamezZ for: You have been kicked. Reason: VDM do it again I dare you.
[	22-08-2020 16:57:25	] [KICK ACTION] Player: Toby has kicked: Spookie for: You have been kicked. Reason: Failrp.
[	22-08-2020 18:40:40	] [KICK ACTION] Player: RIP.Trump has kicked: Walsh for: You have been kicked. Reason: FailRP.
[	22-08-2020 18:49:04	] [KICK ACTION] Player: RIP.Trump has kicked: Spookie for: You have been kicked. Reason: Come back when you want to roleplay.
[	23-08-2020 10:37:45	] [KICK ACTION] Player: Welsh Banana has kicked: ej2007gaming for: You have been kicked. Reason: Please join back during opening hours :).
[	24-08-2020 16:05:34	] [KICK ACTION] Player: Welsh Banana has kicked: Walsh for: You have been kicked. Reason: Hacking.
[	25-08-2020 13:16:31	] [KICK ACTION] Player: Welsh Banana has kicked: Dutch for: You have been kicked. Reason: Please join back during open hours.
[	25-08-2020 16:45:40	] [BAN ACTION] A new ban record has been added. Player: 'Shagger Deano' was banned by 'Jorri' for 'Banned by staff.' until '01/01/3000 00:00:00'.
[	25-08-2020 16:45:44	] [BAN ACTION] A new ban record has been added. Player: 'Yeetus' was banned by 'Jorri' for 'Banned by staff.' until '01/01/3000 00:00:00'.
[	25-08-2020 18:27:41	] [KICK ACTION] Player: FlamezZ has kicked: Walsh for: You have been kicked. Reason: FailRP speaking when Dead.
[	26-08-2020 14:23:55	] [KICK ACTION] Player: Welsh Banana has kicked: FlamezZ for: You have been kicked. Reason: HAcking.
[	26-08-2020 15:26:28	] [KICK ACTION] Player: Welsh Banana has kicked: Dutch for: You have been kicked. Reason: Maintance.
[	26-08-2020 15:26:36	] [KICK ACTION] Player: Welsh Banana has kicked: Rick Grimes JR for: You have been kicked. Reason: Maintanance.
[	26-08-2020 15:26:46	] [KICK ACTION] Player: Welsh Banana has kicked:  for: You have been kicked. Reason: Maintanance.
[	26-08-2020 15:26:59	] [KICK ACTION] Player: Welsh Banana has kicked:  for: You have been kicked. Reason: Maintanance.
[	26-08-2020 15:27:09	] [KICK ACTION] Player: Welsh Banana has kicked: Catfish for: You have been kicked. Reason: Maintanance.
[	26-08-2020 15:27:15	] [KICK ACTION] Player: Welsh Banana has kicked: YSL.Bobby for: You have been kicked. Reason: Maintanance.
[	26-08-2020 15:27:27	] [KICK ACTION] Player: Welsh Banana has kicked: Elf for: You have been kicked. Reason: Maintanance.
[	28-08-2020 12:54:16	] [BAN ACTION] A new ban record has been added. Player: 'Spookie' was banned by 'Welsh Banana' for 'Banned by staff. Breaking server rules and failiure to RP, walking away from staff sit.' until '08/28/2020 15:54:16'.
[	28-08-2020 15:30:45	] [BAN ACTION] The following ban record has been removed (player unbanned). [Player: Spookie was banned by Welsh Banana for Banned by staff. Breaking server rules and failiure to RP, walking away from staff sit. until 08/28/2020 15:54:16.]
[	28-08-2020 20:48:48	] [KICK ACTION] Player: Toby has kicked: FlamezZ for: You have been kicked. Reason: RDM Warning 1.
[	31-08-2020 19:10:19	] [BAN ACTION] A new ban record has been added. Player: 'Orbital' was banned by 'Jorrit' for 'Staff Abuse / Cheating' until '08/31/2020 20:40:19'.
[	31-08-2020 19:10:31	] [BAN ACTION] A new ban record has been added. Player: 'Walsh' was banned by 'Jorrit' for 'Same for you' until '08/31/2020 20:40:31'.
[	12-09-2020 17:05:14	] [BAN ACTION] A new ban record has been added. Player: 'Xcretion' was banned by 'Toby' for 'Banned by staff. hackingh' until '01/01/3000 00:00:00'.
[	12-09-2020 17:05:58	] [BAN ACTION] The following ban record has been removed (player unbanned). [Player: Xcretion was banned by Toby for Banned by staff. hackingh until 01/01/3000 00:00:00.]
[	25-09-2020 15:59:43	] [KICK ACTION] Player: Rick Grimes JR has kicked: 50calkid for: You have been kicked. Reason: fix game.
[	10-10-2020 17:27:59	] [KICK ACTION] Player: [L²] Toby has kicked: [L²] roxas for: You have been kicked. Reason: He is bugged.
[	10-10-2020 18:00:34	] [BAN ACTION] A new ban record has been added. Player: 'WrittenGospel' was banned by 'Tom' for 'Banned by staff.' until '1/1/3000 12:00:00 AM'.
[	10-10-2020 18:55:29	] [KICK ACTION] Player: Jorrit has kicked: Chef for: You have been kicked. Reason: Restart.
[	11-10-2020 12:34:23	] [KICK ACTION] Player: Jorrit has kicked: Spotyhealer94 for: You have been kicked. Reason: Miltary Vehicle / Impersonating .
[	11-10-2020 12:47:12	] [BAN ACTION] A new ban record has been added. Player: 'Spotyhealer94' was banned by 'Jorrit' for 'Banned by staff.' until '01/01/3000 00:00:00'.
[	11-10-2020 13:24:38	] [KICK ACTION] Player: Tom has kicked: Ollie Harrison for: You have been kicked. Reason: Character is bugged.
[	11-10-2020 13:34:45	] [BAN ACTION] A new ban record has been added. Player: '50calkid' was banned by 'Tom' for 'Banned by Staff, Minging. Consistently breaking Rules' until '10/12/2020 13:34:45'.
[	11-10-2020 14:24:25	] [BAN ACTION] A new ban record has been added. Player: 'Void' was banned by 'Jorrit' for 'Banned by staff. Modding' until '01/01/3000 00:00:00'.
[	12-10-2020 05:17:04	] [KICK ACTION] Player: Tom has kicked: Torgrim-_- for: You have been kicked. Reason: Server closed.
[	12-10-2020 05:23:13	] [KICK ACTION] Player: [L²] Dutch has kicked: Markus for: You have been kicked. Reason: Server closed.
[	13-10-2020 11:11:28	] [BAN ACTION] A new ban record has been added. Player: 'InvalidPlayerName' was banned by 'Tom' for 'Using Mods' until '01/01/3000 00:00:00'.
[	13-10-2020 11:11:44	] [BAN ACTION] A new ban record has been added. Player: 'InvalidPlayerName' was banned by '[L] Toby' for 'Using a mod Menu' until '10/15/2020 11:11:44'.
[	13-10-2020 11:51:20	] [BAN ACTION] A new ban record has been added. Player: 'ALLAHU AKBAR' was banned by '[L] Catfish' for 'Banned by staff.' until '01/01/3000 00:00:00'.
[	13-10-2020 11:51:21	] [BAN ACTION] A new ban record has been added. Player: 'InvalidPlayerName' was banned by 'Jorrit' for 'Cheater' until '01/01/3000 00:00:00'.
[	14-10-2020 09:53:29	] [BAN ACTION] A new ban record has been added. Player: 'Mathieu Gajet' was banned by 'Tom' for 'RDM x3, VDM' until '10/20/2020 13:53:29'.
[	14-10-2020 10:27:30	] [BAN ACTION] The following ban record has been removed (player unbanned). The player has been unbanned because their ban duration expired. [Player: 50calkid was banned by Tom for Banned by Staff, Minging. Consistently breaking Rules until 10/12/2020 1:34:45 PM.]
[	27-10-2020 22:39:43	] [BAN ACTION] A new ban record has been added. Player: 'chug' was banned by '[L] Dutch' for 'Banned by staff. Modding' until '01/01/3000 00:00:00'.
[	28-10-2020 14:28:32	] [KICK ACTION] Player: [L²] Dutch has kicked: robbiedekkers2 for: You have been kicked. Reason: I told you to leave the staff sit.
[	28-10-2020 14:31:45	] [BAN ACTION] A new ban record has been added. Player: 'robbiedekkers2' was banned by '[L] Dutch' for 'Made a threat to hack the server.' until '01/01/3000 00:00:00'.
[	28-10-2020 14:32:29	] [BAN ACTION] A new ban record has been added. Player: 'milandekiller' was banned by 'Markus' for '2x RDM, disrespect, killing in staff sit' until '01/01/3000 00:00:00'.
[	28-10-2020 22:56:32	] [BAN ACTION] A new ban record has been added. Player: 'j.garcia24382' was banned by 'Jorrit' for 'Modding without malicious intentions (Appeal on discord). ' until '01/01/3000 00:00:00'.
[	29-10-2020 13:50:46	] [KICK ACTION] Player: [L²] Dutch has kicked: gunitak180 for: You have been kicked. Reason: Can't speak English this is a English speaking server sorry..
[	29-10-2020 14:11:14	] [BAN ACTION] A new ban record has been added. Player: 'gunitak180' was banned by '[L] Dutch' for 'Breaking rule 2.2 and cop baiting after being warned about it.' until '10/31/2020 14:11:13'.
